<?xml version="1.0" encoding="UTF-8"?>
<testng-results skipped="0" failed="0" ignored="0" total="0" passed="0">
  <reporter-output>
  </reporter-output>
  <suite name="phs.test.AppTest" duration-ms="15" started-at="2017-10-19T04:33:10Z" finished-at="2017-10-19T04:33:10Z">
    <groups>
    </groups>
    <test name="Command line test" duration-ms="15" started-at="2017-10-19T04:33:10Z" finished-at="2017-10-19T04:33:10Z">
    </test> <!-- Command line test -->
  </suite> <!-- phs.test.AppTest -->
</testng-results>
